[Tue Jun  6 21:14:51 2023] SERVER_BINDED_SUCCESSFULLY
[Tue Jun  6 21:14:51 2023] SERVER_IS_LISTENING
[Tue Jun  6 21:14:55 2023] server :: salam
[Tue Jun  6 21:15:03 2023] client with fd = 5 :: salam
[Tue Jun  6 21:15:07 2023] client with fd = 5 :: ok
[Tue Jun  6 21:15:23 2023] client with fd = 5 :: jjjj
[Wed Jun  7 19:13:24 2023] SERVER_BINDED_SUCCESSFULLY
[Wed Jun  7 19:13:24 2023] SERVER_IS_LISTENING
[Wed Jun  7 19:13:27 2023] new client with fd = 5 joined
[Wed Jun  7 19:13:35 2023] server :: slaam
[Wed Jun  7 19:13:40 2023] client with fd = 5 :: cli
[Wed Jun  7 19:13:47 2023] client with fd = 5 closed
[Wed Jun  7 19:13:49 2023] new client with fd = 5 joined
[Wed Jun  7 19:13:52 2023] client with fd = 5 closed
[Wed Jun  7 19:28:06 2023] SERVER_BINDED_SUCCESSFULLY
[Wed Jun  7 19:28:06 2023] SERVER_IS_LISTENING
[Wed Jun  7 22:02:36 2023] SERVER_BINDED_SUCCESSFULLY
[Wed Jun  7 22:02:36 2023] SERVER_IS_LISTENING
[Wed Jun  7 22:02:57 2023] new client with fd = 5 joined
[Wed Jun  7 22:03:03 2023] client with fd = 5 :: salam
[Wed Jun  7 22:03:03 2023] server response to client with fd = 5 :: [31mError 106: INVALID_COMMAND_FORMAT[37m
[Wed Jun  7 22:03:20 2023] new client with fd = 6 joined
[Wed Jun  7 22:04:45 2023] client with fd = 6 :: client 12
[Wed Jun  7 22:04:45 2023] server response to client with fd = 6 :: REQUEST_HANDELED_SUCCESSFULLY
[Wed Jun  7 22:05:03 2023] client with fd = 5 :: client 12
[Wed Jun  7 22:05:03 2023] server response to client with fd = 5 :: REQUEST_HANDELED_SUCCESSFULLY
[Wed Jun  7 22:05:50 2023] client with fd = 6 :: client 22
[Wed Jun  7 22:05:50 2023] server response to client with fd = 6 :: [31mError 104: CLIENT_ALREADY_HAS_AN_ID[37m
[Wed Jun  7 22:05:56 2023] client with fd = 6 :: client 12
[Wed Jun  7 22:05:56 2023] server response to client with fd = 6 :: [31mError 104: CLIENT_ALREADY_HAS_AN_ID[37m
[Wed Jun  7 22:11:13 2023] SERVER_BINDED_SUCCESSFULLY
[Wed Jun  7 22:11:13 2023] SERVER_IS_LISTENING
[Wed Jun  7 22:11:15 2023] new client with fd = 5 joined
[Wed Jun  7 22:11:23 2023] client with fd = 5 :: client 22
[Wed Jun  7 22:11:23 2023] server response to client with fd = 5 :: REQUEST_HANDELED_SUCCESSFULLY
[Wed Jun  7 22:11:30 2023] new client with fd = 6 joined
[Wed Jun  7 22:11:56 2023] client with fd = 6 :: client 22
[Wed Jun  7 22:11:56 2023] server response to client with fd = 6 :: [31mError 110: ID_ALREADY_ASSIGNED[37m
[Wed Jun  7 22:12:07 2023] client with fd = 6 :: client 23
[Wed Jun  7 22:12:07 2023] server response to client with fd = 6 :: REQUEST_HANDELED_SUCCESSFULLY
[Wed Jun  7 22:12:12 2023] client with fd = 6 :: client 23
[Wed Jun  7 22:12:12 2023] server response to client with fd = 6 :: [31mError 110: ID_ALREADY_ASSIGNED[37m
[Wed Jun  7 22:12:16 2023] client with fd = 6 :: send
[Wed Jun  7 22:12:16 2023] server response to client with fd = 6 :: [31mError 106: INVALID_COMMAND_FORMAT[37m
[Wed Jun  7 22:12:40 2023] client with fd = 6 :: send 22 11 23
[Wed Jun  7 22:12:40 2023] server response to client with fd = 6 :: REQUEST_HANDELED_SUCCESSFULLY
[Wed Jun  7 22:13:00 2023] client with fd = 6 :: send 23 11 23
[Wed Jun  7 22:13:00 2023] server response to client with fd = 6 :: REQUEST_HANDELED_SUCCESSFULLY
[Wed Jun  7 22:13:38 2023] client with fd = 6 :: send 24 11 23
[Wed Jun  7 22:13:38 2023] server response to client with fd = 6 :: [31mError 109: REQUESTED_CLIENT_IS_NOT_CONNECTED[37m
[Wed Jun  7 22:13:50 2023] client with fd = 6 :: send 22 234 22
[Wed Jun  7 22:13:50 2023] server response to client with fd = 6 :: [31mError 108: INVALID_SENDER_ID[37m
[Wed Jun  7 22:14:00 2023] client with fd = 6 :: send 22 22 22
[Wed Jun  7 22:14:00 2023] server response to client with fd = 6 :: [31mError 108: INVALID_SENDER_ID[37m
[Wed Jun  7 22:15:28 2023] client with fd = 6 left
[Wed Jun  7 22:15:29 2023] client with fd = 5 left
[Wed Jun  7 22:15:41 2023] SERVER_BINDED_SUCCESSFULLY
[Wed Jun  7 22:15:41 2023] SERVER_IS_LISTENING
[Wed Jun  7 22:15:46 2023] new client with fd = 5 joined
[Wed Jun  7 22:15:52 2023] new client with fd = 6 joined
[Wed Jun  7 22:15:56 2023] client with fd = 5 :: client 22
[Wed Jun  7 22:15:56 2023] server response to client with fd = 5 :: REQUEST_HANDELED_SUCCESSFULLY
[Wed Jun  7 22:16:00 2023] client with fd = 6 :: client rr
[Wed Jun  7 22:16:00 2023] server response to client with fd = 6 :: INVALID_NUMBER_FORMAT
[Wed Jun  7 22:16:04 2023] client with fd = 6 :: client 22
[Wed Jun  7 22:16:04 2023] server response to client with fd = 6 :: [31mError 110: ID_ALREADY_ASSIGNED[37m
[Wed Jun  7 22:16:10 2023] client with fd = 6 :: client 23
[Wed Jun  7 22:16:10 2023] server response to client with fd = 6 :: REQUEST_HANDELED_SUCCESSFULLY
[Wed Jun  7 22:16:17 2023] client with fd = 6 :: send 23 232 23
[Wed Jun  7 22:16:17 2023] server response to client with fd = 6 :: [31mError 111: CANT_SEND_MASSEGE_TO_YOURSELF[37m
[Wed Jun  7 22:16:26 2023] client with fd = 5 :: send 23 22 22
[Wed Jun  7 22:16:26 2023] server response to client with fd = 5 :: REQUEST_HANDELED_SUCCESSFULLY
[Wed Jun  7 22:17:04 2023] client with fd = 5 :: send 22 22 23
[Wed Jun  7 22:17:04 2023] server response to client with fd = 5 :: [31mError 108: INVALID_SENDER_ID[37m
[Wed Jun  7 22:17:07 2023] client with fd = 5 left
[Fri Jun  9 08:07:27 2023] SERVER_BINDED_SUCCESSFULLY
[Fri Jun  9 08:07:27 2023] SERVER_IS_LISTENING
[Fri Jun  9 08:08:34 2023] new client with fd = 5 joined
[Fri Jun  9 08:08:38 2023] client with fd = 5 :: salam
[Fri Jun  9 08:08:38 2023] server response to client with fd = 5 :: [31mError 106: INVALID_COMMAND_FORMAT[37m
[Fri Jun  9 08:08:54 2023] client with fd = 5 :: client 101
[Fri Jun  9 08:08:54 2023] server response to client with fd = 5 :: REQUEST_HANDELED_SUCCESSFULLY
[Fri Jun  9 08:09:31 2023] new client with fd = 6 joined
[Fri Jun  9 08:09:40 2023] client with fd = 6 :: send 101 22 11
[Fri Jun  9 08:09:40 2023] server response to client with fd = 6 :: REQUEST_HANDELED_SUCCESSFULLY
[Fri Jun  9 08:19:38 2023] client with fd = 6 left
[Fri Jun  9 08:19:39 2023] client with fd = 5 left
[Fri Jun  9 08:50:51 2023] SERVER_BINDED_SUCCESSFULLY
[Fri Jun  9 08:50:51 2023] SERVER_IS_LISTENING
[Fri Jun  9 08:51:22 2023] new client with fd = 5 joined
[Fri Jun  9 08:51:22 2023] client with fd = 5 :: client 101
[Fri Jun  9 08:51:22 2023] server response to client with fd = 5 :: REQUEST_HANDELED_SUCCESSFULLY
[Fri Jun  9 08:51:36 2023] new client with fd = 6 joined
[Fri Jun  9 08:51:36 2023] client with fd = 6 left
[Fri Jun  9 08:51:36 2023] client with fd = 6 :: client 101
[Fri Jun  9 08:51:36 2023] server response to client with fd = 6 :: [31mError 110: ID_ALREADY_ASSIGNED[37m
[Fri Jun  9 09:08:40 2023] SERVER_BINDED_SUCCESSFULLY
[Fri Jun  9 09:08:40 2023] SERVER_IS_LISTENING
[Fri Jun  9 09:08:55 2023] new client with fd = 5 joined
[Fri Jun  9 09:08:55 2023] client with fd = 5 :: client 101
[Fri Jun  9 09:08:55 2023] server response to client with fd = 5 :: REQUEST_HANDELED_SUCCESSFULLY
[Fri Jun  9 09:09:01 2023] new client with fd = 6 joined
[Fri Jun  9 09:09:01 2023] client with fd = 6 :: client 0
[Fri Jun  9 09:09:01 2023] server response to client with fd = 6 :: REQUEST_HANDELED_SUCCESSFULLY
[Fri Jun  9 09:09:55 2023] COULD_NOT_ASSIGN_ID_TO_CLIENT FD=6
[Fri Jun  9 09:09:55 2023] client with fd = 6 :: client 0
[Fri Jun  9 09:09:55 2023] server response to client with fd = 6 :: [31mError 110: ID_ALREADY_ASSIGNED[37m
[Fri Jun  9 09:09:55 2023] client with fd = 6 left
[Fri Jun  9 09:11:24 2023] SERVER_BINDED_SUCCESSFULLY
[Fri Jun  9 09:11:24 2023] SERVER_IS_LISTENING
[Fri Jun  9 09:11:37 2023] new client with fd = 5 joined
[Fri Jun  9 09:11:37 2023] client with fd = 5 :: client 11
[Fri Jun  9 09:11:37 2023] server response to client with fd = 5 :: REQUEST_HANDELED_SUCCESSFULLY
[Fri Jun  9 09:11:57 2023] new client with fd = 6 joined
[Fri Jun  9 09:11:57 2023] client with fd = 6 :: client 12
[Fri Jun  9 09:11:57 2023] server response to client with fd = 6 :: REQUEST_HANDELED_SUCCESSFULLY
[Fri Jun  9 09:13:31 2023] client with fd = 6 left
[Fri Jun  9 09:13:35 2023] new client with fd = 6 joined
[Fri Jun  9 09:13:35 2023] client with fd = 6 :: client 12
[Fri Jun  9 09:13:35 2023] server response to client with fd = 6 :: REQUEST_HANDELED_SUCCESSFULLY
[Fri Jun  9 09:13:37 2023] client with fd = 6 left
[Fri Jun  9 09:13:42 2023] new client with fd = 6 joined
[Fri Jun  9 09:13:42 2023] COULD_NOT_ASSIGN_ID_TO_CLIENT FD=6
[Fri Jun  9 09:13:42 2023] client with fd = 6 :: client 11
[Fri Jun  9 09:13:42 2023] server response to client with fd = 6 :: [31mError 110: ID_ALREADY_ASSIGNED[37m
[Fri Jun  9 09:13:42 2023] client with fd = 6 left
[Fri Jun  9 09:14:07 2023] new client with fd = 6 joined
[Fri Jun  9 09:14:07 2023] client with fd = 6 :: client 14
[Fri Jun  9 09:14:07 2023] server response to client with fd = 6 :: REQUEST_HANDELED_SUCCESSFULLY
[Fri Jun  9 09:14:14 2023] client with fd = 5 :: dm
[Fri Jun  9 09:14:14 2023] server response to client with fd = 5 :: [31mError 106: INVALID_COMMAND_FORMAT[37m
[Fri Jun  9 09:14:20 2023] client with fd = 5 :: send 14 11 11
[Fri Jun  9 09:14:20 2023] server response to client with fd = 5 :: REQUEST_HANDELED_SUCCESSFULLY
